<?xml version="1.0" encoding="UTF-8"?>
<!-- Generated by org.testng.reporters.JUnitReportReporter -->
<testsuite hostname="LAPTOP-DQHTQP3P" failures="0" tests="4" name="api.test.UserTest" time="18.683" errors="0" timestamp="2024-08-09T13:38:03 IST" skipped="0">
  <testcase classname="api.test.UserTest" name="testPostuser" time="5.412"/>
  <testcase classname="api.test.UserTest" name="testReadUser" time="3.290"/>
  <testcase classname="api.test.UserTest" name="testUpdateUser" time="6.765"/>
  <testcase classname="api.test.UserTest" name="testDeleteUser" time="3.216"/>
</testsuite> <!-- api.test.UserTest -->
