<?xml version="1.0" encoding="UTF-8"?>
<!-- Generated by org.testng.reporters.JUnitReportReporter -->
<testsuite hostname="LAPTOP-DQHTQP3P" failures="0" tests="6" name="api.test.DataDrivenTest" time="14.778" errors="0" timestamp="2024-07-30T10:53:12 IST" skipped="0">
  <testcase classname="api.test.DataDrivenTest" name="testPostuser" time="2.257"/>
  <testcase classname="api.test.DataDrivenTest" name="testPostuser" time="1.745"/>
  <testcase classname="api.test.DataDrivenTest" name="testPostuser" time="4.523"/>
  <testcase classname="api.test.DataDrivenTest" name="testDeleteUser" time="2.067"/>
  <testcase classname="api.test.DataDrivenTest" name="testDeleteUser" time="2.154"/>
  <testcase classname="api.test.DataDrivenTest" name="testDeleteUser" time="2.032"/>
</testsuite> <!-- api.test.DataDrivenTest -->
